<?xml version="1.0" encoding="UTF-8"?>
<!-- Generated by org.testng.reporters.JUnitReportReporter -->
<testsuite skipped="0" hostname="Deepak-Laptop" name="com.leafBot.testcases.TC001_LoginLogout" tests="2" failures="0" timestamp="08 Sep 2019 11:06:58 GMT" time="13.772" errors="0">
  <testcase name="runTC001" time="7.318" classname="com.leafBot.testcases.TC001_LoginLogout"/>
  <testcase name="runTC001" time="6.454" classname="com.leafBot.testcases.TC001_LoginLogout"/>
</testsuite> <!-- com.leafBot.testcases.TC001_LoginLogout -->
